<?xml version="1.0" encoding="UTF-8"?>
<testsuite name="com.github.gilbertotcc.fintech.challenge.BalanceTest" tests="1" skipped="0" failures="0" errors="0" timestamp="2021-10-31T13:24:46" hostname="giovanni-N550JV" time="0.232">
  <properties/>
  <testcase name="createBalanceHistoryFromBalanceShouldSucceed()" classname="com.github.gilbertotcc.fintech.challenge.BalanceTest" time="0.232"/>
  <system-out><![CDATA[]]></system-out>
  <system-err><![CDATA[]]></system-err>
</testsuite>
